29.11.2020 11:45:44.306 [http-nio-8095-exec-9] INFO   l.f.Slf4jLogbackLogger - current address:  /hometask__6__PasswordEncoder_feat__HTTPSession__war/login
29.11.2020 11:45:44.360 [http-nio-8095-exec-5] INFO   l.f.Slf4jLogbackLogger - current address:  /hometask__6__PasswordEncoder_feat__HTTPSession__war/profile
29.11.2020 11:45:52.749 [http-nio-8095-exec-8] INFO   l.f.Slf4jLogbackLogger - current address:  /hometask__6__PasswordEncoder_feat__HTTPSession__war/profile
29.11.2020 11:45:52.883 [http-nio-8095-exec-6] INFO   l.f.Slf4jLogbackLogger - current address:  /hometask__6__PasswordEncoder_feat__HTTPSession__war/profile
29.11.2020 11:45:53.011 [http-nio-8095-exec-10] INFO   l.f.Slf4jLogbackLogger - current address:  /hometask__6__PasswordEncoder_feat__HTTPSession__war/profile
29.11.2020 11:57:19.925 [http-nio-8095-exec-1] INFO   l.f.Slf4jLogbackLogger - current address:  /random/
29.11.2020 11:57:22.004 [http-nio-8095-exec-3] INFO   l.f.Slf4jLogbackLogger - current address:  /random/
29.11.2020 11:57:31.598 [http-nio-8095-exec-5] INFO   l.f.Slf4jLogbackLogger - current address:  /random/login
29.11.2020 11:57:40.556 [http-nio-8095-exec-7] INFO   l.f.Slf4jLogbackLogger - current address:  /random/%D0%B4%D1%89%D0%BF%D1%88%D1%82
29.11.2020 11:57:43.171 [http-nio-8095-exec-8] INFO   l.f.Slf4jLogbackLogger - current address:  /random/login
29.11.2020 11:57:44.314 [http-nio-8095-exec-9] INFO   l.f.Slf4jLogbackLogger - current address:  /random/login
29.11.2020 11:57:44.376 [http-nio-8095-exec-1] INFO   l.f.Slf4jLogbackLogger - current address:  /random/login
29.11.2020 12:07:27.159 [http-nio-8095-exec-11] INFO   l.f.Slf4jLogbackLogger - current address:  /random/login
29.11.2020 12:07:28.865 [http-nio-8095-exec-13] INFO   l.f.Slf4jLogbackLogger - current address:  /random/login
29.11.2020 12:07:32.750 [http-nio-8095-exec-15] INFO   l.f.Slf4jLogbackLogger - current address:  /random/
29.11.2020 12:09:45.628 [http-nio-8095-exec-20] INFO   l.f.Slf4jLogbackLogger - current address:  /random/
29.11.2020 12:09:47.649 [http-nio-8095-exec-14] INFO   l.f.Slf4jLogbackLogger - current address:  /random/login
29.11.2020 12:09:50.406 [http-nio-8095-exec-1] INFO   l.f.Slf4jLogbackLogger - current address:  /random/
29.11.2020 12:10:31.372 [http-nio-8095-exec-21] INFO   l.f.Slf4jLogbackLogger - current address:  /random/
29.11.2020 12:12:36.899 [http-nio-8095-exec-24] INFO   l.f.Slf4jLogbackLogger - current address:  /random/
29.11.2020 12:12:51.413 [http-nio-8095-exec-21] INFO   l.f.Slf4jLogbackLogger - current address:  /random/
29.11.2020 12:12:53.192 [http-nio-8095-exec-22] INFO   l.f.Slf4jLogbackLogger - current address:  /random/login
29.11.2020 12:12:53.206 [http-nio-8095-exec-25] INFO   l.f.Slf4jLogbackLogger - current address:  /random/login
29.11.2020 12:12:54.693 [http-nio-8095-exec-29] INFO   l.f.Slf4jLogbackLogger - current address:  /random/login
29.11.2020 12:12:54.710 [http-nio-8095-exec-24] INFO   l.f.Slf4jLogbackLogger - current address:  /random/login
29.11.2020 12:12:55.799 [http-nio-8095-exec-17] INFO   l.f.Slf4jLogbackLogger - current address:  /random/login
29.11.2020 12:12:55.818 [http-nio-8095-exec-12] INFO   l.f.Slf4jLogbackLogger - current address:  /random/login
29.11.2020 12:16:24.927 [http-nio-8095-exec-28] INFO   l.f.Slf4jLogbackLogger - current address:  /random/login
29.11.2020 12:16:28.967 [http-nio-8095-exec-29] INFO   l.f.Slf4jLogbackLogger - current address:  /random/login
29.11.2020 12:16:28.981 [http-nio-8095-exec-33] INFO   l.f.Slf4jLogbackLogger - current address:  /random/login
29.11.2020 12:16:36.097 [http-nio-8095-exec-34] INFO   l.f.Slf4jLogbackLogger - current address:  /random/login
29.11.2020 12:16:36.118 [http-nio-8095-exec-36] INFO   l.f.Slf4jLogbackLogger - current address:  /random/login
29.11.2020 12:16:36.332 [http-nio-8095-exec-37] INFO   l.f.Slf4jLogbackLogger - current address:  /random/login
29.11.2020 12:16:36.346 [http-nio-8095-exec-31] INFO   l.f.Slf4jLogbackLogger - current address:  /random/login
29.11.2020 12:19:22.857 [http-nio-8095-exec-32] INFO   l.f.Slf4jLogbackLogger - current address:  /random/login
29.11.2020 12:19:23.054 [http-nio-8095-exec-30] INFO   l.f.Slf4jLogbackLogger - current address:  /random/login
29.11.2020 12:19:23.193 [http-nio-8095-exec-34] INFO   l.f.Slf4jLogbackLogger - current address:  /random/login
29.11.2020 12:19:23.330 [http-nio-8095-exec-37] INFO   l.f.Slf4jLogbackLogger - current address:  /random/login
29.11.2020 12:19:23.693 [http-nio-8095-exec-31] INFO   l.f.Slf4jLogbackLogger - current address:  /random/login
29.11.2020 12:19:23.877 [http-nio-8095-exec-32] INFO   l.f.Slf4jLogbackLogger - current address:  /random/login
29.11.2020 12:19:24.068 [http-nio-8095-exec-30] INFO   l.f.Slf4jLogbackLogger - current address:  /random/login
29.11.2020 12:19:24.252 [http-nio-8095-exec-35] INFO   l.f.Slf4jLogbackLogger - current address:  /random/login
29.11.2020 12:19:24.448 [http-nio-8095-exec-37] INFO   l.f.Slf4jLogbackLogger - current address:  /random/login
29.11.2020 12:19:24.644 [http-nio-8095-exec-31] INFO   l.f.Slf4jLogbackLogger - current address:  /random/login
29.11.2020 12:19:24.832 [http-nio-8095-exec-32] INFO   l.f.Slf4jLogbackLogger - current address:  /random/login
29.11.2020 12:19:25.406 [http-nio-8095-exec-30] INFO   l.f.Slf4jLogbackLogger - current address:  /random/login
29.11.2020 12:19:25.616 [http-nio-8095-exec-34] INFO   l.f.Slf4jLogbackLogger - current address:  /random/login
29.11.2020 12:19:25.774 [http-nio-8095-exec-36] INFO   l.f.Slf4jLogbackLogger - current address:  /random/login
29.11.2020 12:19:25.953 [http-nio-8095-exec-28] INFO   l.f.Slf4jLogbackLogger - current address:  /random/login
29.11.2020 12:19:26.146 [http-nio-8095-exec-29] INFO   l.f.Slf4jLogbackLogger - current address:  /random/login
29.11.2020 12:19:26.346 [http-nio-8095-exec-33] INFO   l.f.Slf4jLogbackLogger - current address:  /random/login
29.11.2020 12:19:26.568 [http-nio-8095-exec-35] INFO   l.f.Slf4jLogbackLogger - current address:  /random/login
29.11.2020 12:19:26.771 [http-nio-8095-exec-34] INFO   l.f.Slf4jLogbackLogger - current address:  /random/login
29.11.2020 12:19:27.336 [http-nio-8095-exec-37] INFO   l.f.Slf4jLogbackLogger - current address:  /random/login
29.11.2020 12:19:27.927 [http-nio-8095-exec-31] INFO   l.f.Slf4jLogbackLogger - current address:  /random/login
29.11.2020 12:19:31.073 [http-nio-8095-exec-39] INFO   l.f.Slf4jLogbackLogger - current address:  /random/login
29.11.2020 12:19:31.419 [http-nio-8095-exec-34] INFO   l.f.Slf4jLogbackLogger - current address:  /random/login
29.11.2020 12:19:34.235 [http-nio-8095-exec-37] INFO   l.f.Slf4jLogbackLogger - current address:  /random/login
29.11.2020 12:19:34.255 [http-nio-8095-exec-33] INFO   l.f.Slf4jLogbackLogger - current address:  /random/login
29.11.2020 12:19:35.458 [http-nio-8095-exec-31] INFO   l.f.Slf4jLogbackLogger - current address:  /random/login
29.11.2020 12:19:35.469 [http-nio-8095-exec-40] INFO   l.f.Slf4jLogbackLogger - current address:  /random/profile
29.11.2020 12:19:38.178 [http-nio-8095-exec-38] INFO   l.f.Slf4jLogbackLogger - current address:  /random/login
29.11.2020 12:19:39.226 [http-nio-8095-exec-29] INFO   l.f.Slf4jLogbackLogger - current address:  /random/login
29.11.2020 12:19:40.404 [http-nio-8095-exec-36] INFO   l.f.Slf4jLogbackLogger - current address:  /random/login
29.11.2020 12:28:39.240 [http-nio-8098-exec-1] INFO   l.f.Slf4jLogbackLogger - current address:  /context/
29.11.2020 12:28:41.532 [http-nio-8098-exec-3] INFO   l.f.Slf4jLogbackLogger - current address:  /context/
29.11.2020 12:28:43.850 [http-nio-8098-exec-4] INFO   l.f.Slf4jLogbackLogger - current address:  /context/login
29.11.2020 12:28:43.866 [http-nio-8098-exec-5] INFO   l.f.Slf4jLogbackLogger - current address:  /context/login
29.11.2020 12:28:45.369 [http-nio-8098-exec-6] INFO   l.f.Slf4jLogbackLogger - current address:  /context/login
29.11.2020 12:28:45.378 [http-nio-8098-exec-7] INFO   l.f.Slf4jLogbackLogger - current address:  /context/profile
29.11.2020 12:32:29.792 [http-nio-8098-exec-9] INFO   l.f.Slf4jLogbackLogger - current address:  /context/profile
29.11.2020 12:32:31.951 [http-nio-8098-exec-10] INFO   l.f.Slf4jLogbackLogger - current address:  /context/login
29.11.2020 12:33:13.412 [http-nio-8098-exec-1] INFO   l.f.Slf4jLogbackLogger - current address:  /context/
29.11.2020 12:33:15.393 [http-nio-8098-exec-3] INFO   l.f.Slf4jLogbackLogger - current address:  /context/
29.11.2020 12:34:17.802 [http-nio-8098-exec-5] INFO   l.f.Slf4jLogbackLogger - current address:  /context/login
29.11.2020 12:34:17.813 [http-nio-8098-exec-6] INFO   l.f.Slf4jLogbackLogger - current address:  /context/login
29.11.2020 12:34:18.989 [http-nio-8098-exec-7] INFO   l.f.Slf4jLogbackLogger - current address:  /context/login
29.11.2020 12:34:18.997 [http-nio-8098-exec-8] INFO   l.f.Slf4jLogbackLogger - current address:  /context/profile
29.11.2020 12:34:20.649 [http-nio-8098-exec-9] INFO   l.f.Slf4jLogbackLogger - current address:  /context/login
29.11.2020 12:35:28.127 [http-nio-8098-exec-1] INFO   l.f.Slf4jLogbackLogger - current address:  /context/login
29.11.2020 12:35:28.141 [http-nio-8098-exec-2] INFO   l.f.Slf4jLogbackLogger - current address:  /context/profile
29.11.2020 12:35:30.123 [http-nio-8098-exec-3] INFO   l.f.Slf4jLogbackLogger - current address:  /context/profile
29.11.2020 12:35:31.703 [http-nio-8098-exec-4] INFO   l.f.Slf4jLogbackLogger - current address:  /context/profile
29.11.2020 12:35:31.882 [http-nio-8098-exec-5] INFO   l.f.Slf4jLogbackLogger - current address:  /context/profile
29.11.2020 12:35:32.818 [http-nio-8098-exec-6] INFO   l.f.Slf4jLogbackLogger - current address:  /context/profile
29.11.2020 12:36:07.844 [http-nio-8098-exec-1] INFO   l.f.Slf4jLogbackLogger - current address:  /context/
29.11.2020 12:36:09.913 [http-nio-8098-exec-3] INFO   l.f.Slf4jLogbackLogger - current address:  /context/
29.11.2020 12:36:15.984 [http-nio-8098-exec-4] INFO   l.f.Slf4jLogbackLogger - current address:  /context/login
29.11.2020 12:36:15.993 [http-nio-8098-exec-5] INFO   l.f.Slf4jLogbackLogger - current address:  /context/login
29.11.2020 12:36:16.744 [http-nio-8098-exec-6] INFO   l.f.Slf4jLogbackLogger - current address:  /context/login
29.11.2020 12:36:16.754 [http-nio-8098-exec-7] INFO   l.f.Slf4jLogbackLogger - current address:  /context/profile
29.11.2020 12:36:24.552 [http-nio-8098-exec-8] INFO   l.f.Slf4jLogbackLogger - current address:  /context/login
29.11.2020 15:24:04.102 [http-nio-8098-exec-1] INFO   l.f.Slf4jLogbackLogger - current address:  /context/
29.11.2020 15:24:05.758 [http-nio-8098-exec-3] INFO   l.f.Slf4jLogbackLogger - current address:  /context/
29.11.2020 15:24:07.573 [http-nio-8098-exec-7] INFO   l.f.Slf4jLogbackLogger - current address:  /context/login
29.11.2020 15:24:07.582 [http-nio-8098-exec-8] INFO   l.f.Slf4jLogbackLogger - current address:  /context/login
29.11.2020 15:24:08.730 [http-nio-8098-exec-5] INFO   l.f.Slf4jLogbackLogger - current address:  /context/login
29.11.2020 15:24:08.745 [http-nio-8098-exec-6] INFO   l.f.Slf4jLogbackLogger - current address:  /context/profile
