29.11.2020 11:45:44.306 [http-nio-8095-exec-9] INFO   l.f.Slf4jLogbackLogger - current address:  /hometask__6__PasswordEncoder_feat__HTTPSession__war/login
29.11.2020 11:45:44.360 [http-nio-8095-exec-5] INFO   l.f.Slf4jLogbackLogger - current address:  /hometask__6__PasswordEncoder_feat__HTTPSession__war/profile
29.11.2020 11:45:52.749 [http-nio-8095-exec-8] INFO   l.f.Slf4jLogbackLogger - current address:  /hometask__6__PasswordEncoder_feat__HTTPSession__war/profile
29.11.2020 11:45:52.883 [http-nio-8095-exec-6] INFO   l.f.Slf4jLogbackLogger - current address:  /hometask__6__PasswordEncoder_feat__HTTPSession__war/profile
29.11.2020 11:45:53.011 [http-nio-8095-exec-10] INFO   l.f.Slf4jLogbackLogger - current address:  /hometask__6__PasswordEncoder_feat__HTTPSession__war/profile
29.11.2020 11:57:19.925 [http-nio-8095-exec-1] INFO   l.f.Slf4jLogbackLogger - current address:  /random/
29.11.2020 11:57:22.004 [http-nio-8095-exec-3] INFO   l.f.Slf4jLogbackLogger - current address:  /random/
29.11.2020 11:57:31.598 [http-nio-8095-exec-5] INFO   l.f.Slf4jLogbackLogger - current address:  /random/login
29.11.2020 11:57:40.556 [http-nio-8095-exec-7] INFO   l.f.Slf4jLogbackLogger - current address:  /random/%D0%B4%D1%89%D0%BF%D1%88%D1%82
29.11.2020 11:57:43.171 [http-nio-8095-exec-8] INFO   l.f.Slf4jLogbackLogger - current address:  /random/login
29.11.2020 11:57:44.314 [http-nio-8095-exec-9] INFO   l.f.Slf4jLogbackLogger - current address:  /random/login
29.11.2020 11:57:44.376 [http-nio-8095-exec-1] INFO   l.f.Slf4jLogbackLogger - current address:  /random/login
29.11.2020 12:07:27.159 [http-nio-8095-exec-11] INFO   l.f.Slf4jLogbackLogger - current address:  /random/login
29.11.2020 12:07:28.865 [http-nio-8095-exec-13] INFO   l.f.Slf4jLogbackLogger - current address:  /random/login
29.11.2020 12:07:32.750 [http-nio-8095-exec-15] INFO   l.f.Slf4jLogbackLogger - current address:  /random/
29.11.2020 12:09:45.628 [http-nio-8095-exec-20] INFO   l.f.Slf4jLogbackLogger - current address:  /random/
29.11.2020 12:09:47.649 [http-nio-8095-exec-14] INFO   l.f.Slf4jLogbackLogger - current address:  /random/login
29.11.2020 12:09:50.406 [http-nio-8095-exec-1] INFO   l.f.Slf4jLogbackLogger - current address:  /random/
29.11.2020 12:10:31.372 [http-nio-8095-exec-21] INFO   l.f.Slf4jLogbackLogger - current address:  /random/
29.11.2020 12:12:36.899 [http-nio-8095-exec-24] INFO   l.f.Slf4jLogbackLogger - current address:  /random/
29.11.2020 12:12:51.413 [http-nio-8095-exec-21] INFO   l.f.Slf4jLogbackLogger - current address:  /random/
29.11.2020 12:12:53.192 [http-nio-8095-exec-22] INFO   l.f.Slf4jLogbackLogger - current address:  /random/login
29.11.2020 12:12:53.206 [http-nio-8095-exec-25] INFO   l.f.Slf4jLogbackLogger - current address:  /random/login
29.11.2020 12:12:54.693 [http-nio-8095-exec-29] INFO   l.f.Slf4jLogbackLogger - current address:  /random/login
29.11.2020 12:12:54.710 [http-nio-8095-exec-24] INFO   l.f.Slf4jLogbackLogger - current address:  /random/login
29.11.2020 12:12:55.799 [http-nio-8095-exec-17] INFO   l.f.Slf4jLogbackLogger - current address:  /random/login
29.11.2020 12:12:55.818 [http-nio-8095-exec-12] INFO   l.f.Slf4jLogbackLogger - current address:  /random/login
29.11.2020 12:16:24.927 [http-nio-8095-exec-28] INFO   l.f.Slf4jLogbackLogger - current address:  /random/login
29.11.2020 12:16:28.967 [http-nio-8095-exec-29] INFO   l.f.Slf4jLogbackLogger - current address:  /random/login
29.11.2020 12:16:28.981 [http-nio-8095-exec-33] INFO   l.f.Slf4jLogbackLogger - current address:  /random/login
29.11.2020 12:16:36.097 [http-nio-8095-exec-34] INFO   l.f.Slf4jLogbackLogger - current address:  /random/login
29.11.2020 12:16:36.118 [http-nio-8095-exec-36] INFO   l.f.Slf4jLogbackLogger - current address:  /random/login
29.11.2020 12:16:36.332 [http-nio-8095-exec-37] INFO   l.f.Slf4jLogbackLogger - current address:  /random/login
29.11.2020 12:16:36.346 [http-nio-8095-exec-31] INFO   l.f.Slf4jLogbackLogger - current address:  /random/login
29.11.2020 12:19:22.857 [http-nio-8095-exec-32] INFO   l.f.Slf4jLogbackLogger - current address:  /random/login
29.11.2020 12:19:23.054 [http-nio-8095-exec-30] INFO   l.f.Slf4jLogbackLogger - current address:  /random/login
29.11.2020 12:19:23.193 [http-nio-8095-exec-34] INFO   l.f.Slf4jLogbackLogger - current address:  /random/login
29.11.2020 12:19:23.330 [http-nio-8095-exec-37] INFO   l.f.Slf4jLogbackLogger - current address:  /random/login
29.11.2020 12:19:23.693 [http-nio-8095-exec-31] INFO   l.f.Slf4jLogbackLogger - current address:  /random/login
29.11.2020 12:19:23.877 [http-nio-8095-exec-32] INFO   l.f.Slf4jLogbackLogger - current address:  /random/login
29.11.2020 12:19:24.068 [http-nio-8095-exec-30] INFO   l.f.Slf4jLogbackLogger - current address:  /random/login
29.11.2020 12:19:24.252 [http-nio-8095-exec-35] INFO   l.f.Slf4jLogbackLogger - current address:  /random/login
29.11.2020 12:19:24.448 [http-nio-8095-exec-37] INFO   l.f.Slf4jLogbackLogger - current address:  /random/login
29.11.2020 12:19:24.644 [http-nio-8095-exec-31] INFO   l.f.Slf4jLogbackLogger - current address:  /random/login
29.11.2020 12:19:24.832 [http-nio-8095-exec-32] INFO   l.f.Slf4jLogbackLogger - current address:  /random/login
29.11.2020 12:19:25.406 [http-nio-8095-exec-30] INFO   l.f.Slf4jLogbackLogger - current address:  /random/login
29.11.2020 12:19:25.616 [http-nio-8095-exec-34] INFO   l.f.Slf4jLogbackLogger - current address:  /random/login
29.11.2020 12:19:25.774 [http-nio-8095-exec-36] INFO   l.f.Slf4jLogbackLogger - current address:  /random/login
29.11.2020 12:19:25.953 [http-nio-8095-exec-28] INFO   l.f.Slf4jLogbackLogger - current address:  /random/login
29.11.2020 12:19:26.146 [http-nio-8095-exec-29] INFO   l.f.Slf4jLogbackLogger - current address:  /random/login
29.11.2020 12:19:26.346 [http-nio-8095-exec-33] INFO   l.f.Slf4jLogbackLogger - current address:  /random/login
29.11.2020 12:19:26.568 [http-nio-8095-exec-35] INFO   l.f.Slf4jLogbackLogger - current address:  /random/login
29.11.2020 12:19:26.771 [http-nio-8095-exec-34] INFO   l.f.Slf4jLogbackLogger - current address:  /random/login
29.11.2020 12:19:27.336 [http-nio-8095-exec-37] INFO   l.f.Slf4jLogbackLogger - current address:  /random/login
29.11.2020 12:19:27.927 [http-nio-8095-exec-31] INFO   l.f.Slf4jLogbackLogger - current address:  /random/login
29.11.2020 12:19:31.073 [http-nio-8095-exec-39] INFO   l.f.Slf4jLogbackLogger - current address:  /random/login
29.11.2020 12:19:31.419 [http-nio-8095-exec-34] INFO   l.f.Slf4jLogbackLogger - current address:  /random/login
29.11.2020 12:19:34.235 [http-nio-8095-exec-37] INFO   l.f.Slf4jLogbackLogger - current address:  /random/login
29.11.2020 12:19:34.255 [http-nio-8095-exec-33] INFO   l.f.Slf4jLogbackLogger - current address:  /random/login
29.11.2020 12:19:35.458 [http-nio-8095-exec-31] INFO   l.f.Slf4jLogbackLogger - current address:  /random/login
29.11.2020 12:19:35.469 [http-nio-8095-exec-40] INFO   l.f.Slf4jLogbackLogger - current address:  /random/profile
29.11.2020 12:19:38.178 [http-nio-8095-exec-38] INFO   l.f.Slf4jLogbackLogger - current address:  /random/login
29.11.2020 12:19:39.226 [http-nio-8095-exec-29] INFO   l.f.Slf4jLogbackLogger - current address:  /random/login
29.11.2020 12:19:40.404 [http-nio-8095-exec-36] INFO   l.f.Slf4jLogbackLogger - current address:  /random/login
29.11.2020 12:28:39.240 [http-nio-8098-exec-1] INFO   l.f.Slf4jLogbackLogger - current address:  /context/
29.11.2020 12:28:41.532 [http-nio-8098-exec-3] INFO   l.f.Slf4jLogbackLogger - current address:  /context/
29.11.2020 12:28:43.850 [http-nio-8098-exec-4] INFO   l.f.Slf4jLogbackLogger - current address:  /context/login
29.11.2020 12:28:43.866 [http-nio-8098-exec-5] INFO   l.f.Slf4jLogbackLogger - current address:  /context/login
29.11.2020 12:28:45.369 [http-nio-8098-exec-6] INFO   l.f.Slf4jLogbackLogger - current address:  /context/login
29.11.2020 12:28:45.378 [http-nio-8098-exec-7] INFO   l.f.Slf4jLogbackLogger - current address:  /context/profile
29.11.2020 12:32:29.792 [http-nio-8098-exec-9] INFO   l.f.Slf4jLogbackLogger - current address:  /context/profile
29.11.2020 12:32:31.951 [http-nio-8098-exec-10] INFO   l.f.Slf4jLogbackLogger - current address:  /context/login
29.11.2020 12:33:13.412 [http-nio-8098-exec-1] INFO   l.f.Slf4jLogbackLogger - current address:  /context/
29.11.2020 12:33:15.393 [http-nio-8098-exec-3] INFO   l.f.Slf4jLogbackLogger - current address:  /context/
29.11.2020 12:34:17.802 [http-nio-8098-exec-5] INFO   l.f.Slf4jLogbackLogger - current address:  /context/login
29.11.2020 12:34:17.813 [http-nio-8098-exec-6] INFO   l.f.Slf4jLogbackLogger - current address:  /context/login
29.11.2020 12:34:18.989 [http-nio-8098-exec-7] INFO   l.f.Slf4jLogbackLogger - current address:  /context/login
29.11.2020 12:34:18.997 [http-nio-8098-exec-8] INFO   l.f.Slf4jLogbackLogger - current address:  /context/profile
29.11.2020 12:34:20.649 [http-nio-8098-exec-9] INFO   l.f.Slf4jLogbackLogger - current address:  /context/login
29.11.2020 12:35:28.127 [http-nio-8098-exec-1] INFO   l.f.Slf4jLogbackLogger - current address:  /context/login
29.11.2020 12:35:28.141 [http-nio-8098-exec-2] INFO   l.f.Slf4jLogbackLogger - current address:  /context/profile
29.11.2020 12:35:30.123 [http-nio-8098-exec-3] INFO   l.f.Slf4jLogbackLogger - current address:  /context/profile
29.11.2020 12:35:31.703 [http-nio-8098-exec-4] INFO   l.f.Slf4jLogbackLogger - current address:  /context/profile
29.11.2020 12:35:31.882 [http-nio-8098-exec-5] INFO   l.f.Slf4jLogbackLogger - current address:  /context/profile
29.11.2020 12:35:32.818 [http-nio-8098-exec-6] INFO   l.f.Slf4jLogbackLogger - current address:  /context/profile
29.11.2020 12:36:07.844 [http-nio-8098-exec-1] INFO   l.f.Slf4jLogbackLogger - current address:  /context/
29.11.2020 12:36:09.913 [http-nio-8098-exec-3] INFO   l.f.Slf4jLogbackLogger - current address:  /context/
29.11.2020 12:36:15.984 [http-nio-8098-exec-4] INFO   l.f.Slf4jLogbackLogger - current address:  /context/login
29.11.2020 12:36:15.993 [http-nio-8098-exec-5] INFO   l.f.Slf4jLogbackLogger - current address:  /context/login
29.11.2020 12:36:16.744 [http-nio-8098-exec-6] INFO   l.f.Slf4jLogbackLogger - current address:  /context/login
29.11.2020 12:36:16.754 [http-nio-8098-exec-7] INFO   l.f.Slf4jLogbackLogger - current address:  /context/profile
29.11.2020 12:36:24.552 [http-nio-8098-exec-8] INFO   l.f.Slf4jLogbackLogger - current address:  /context/login
29.11.2020 15:24:04.102 [http-nio-8098-exec-1] INFO   l.f.Slf4jLogbackLogger - current address:  /context/
29.11.2020 15:24:05.758 [http-nio-8098-exec-3] INFO   l.f.Slf4jLogbackLogger - current address:  /context/
29.11.2020 15:24:07.573 [http-nio-8098-exec-7] INFO   l.f.Slf4jLogbackLogger - current address:  /context/login
29.11.2020 15:24:07.582 [http-nio-8098-exec-8] INFO   l.f.Slf4jLogbackLogger - current address:  /context/login
29.11.2020 15:24:08.730 [http-nio-8098-exec-5] INFO   l.f.Slf4jLogbackLogger - current address:  /context/login
29.11.2020 15:24:08.745 [http-nio-8098-exec-6] INFO   l.f.Slf4jLogbackLogger - current address:  /context/profile
29.11.2020 21:36:16.402 [http-nio-8092-exec-2] INFO   f.f.Slf4jLogbackLogger - current address:  /freecontext/
29.11.2020 21:36:17.853 [http-nio-8092-exec-3] INFO   f.f.Slf4jLogbackLogger - current address:  /freecontext/
29.11.2020 21:36:19.239 [http-nio-8092-exec-4] INFO   f.f.Slf4jLogbackLogger - current address:  /freecontext/login
29.11.2020 21:36:19.247 [http-nio-8092-exec-6] INFO   f.f.Slf4jLogbackLogger - current address:  /freecontext/login
29.11.2020 21:36:20.167 [http-nio-8092-exec-7] INFO   f.f.Slf4jLogbackLogger - current address:  /freecontext/login
29.11.2020 21:36:20.173 [http-nio-8092-exec-8] INFO   f.f.Slf4jLogbackLogger - current address:  /freecontext/profile
29.11.2020 21:37:35.470 [http-nio-8092-exec-10] INFO   f.f.Slf4jLogbackLogger - current address:  /freecontext/login
29.11.2020 21:37:37.068 [http-nio-8092-exec-2] INFO   f.f.Slf4jLogbackLogger - current address:  /freecontext/login
29.11.2020 21:37:39.240 [http-nio-8092-exec-1] INFO   f.f.Slf4jLogbackLogger - current address:  /freecontext/login
29.11.2020 21:37:41.286 [http-nio-8092-exec-3] INFO   f.f.Slf4jLogbackLogger - current address:  /freecontext/
29.11.2020 21:37:43.059 [http-nio-8092-exec-5] INFO   f.f.Slf4jLogbackLogger - current address:  /freecontext/login
29.11.2020 21:37:43.067 [http-nio-8092-exec-4] INFO   f.f.Slf4jLogbackLogger - current address:  /freecontext/profile
29.11.2020 21:38:05.369 [http-nio-8092-exec-7] INFO   f.f.Slf4jLogbackLogger - current address:  /freecontext/
29.11.2020 21:38:30.158 [http-nio-8092-exec-1] INFO   f.f.Slf4jLogbackLogger - current address:  /freecontext/
29.11.2020 21:38:31.577 [http-nio-8092-exec-3] INFO   f.f.Slf4jLogbackLogger - current address:  /freecontext/
29.11.2020 21:43:12.624 [http-nio-8092-exec-5] INFO   f.f.Slf4jLogbackLogger - current address:  /freecontext/
29.11.2020 21:43:21.807 [http-nio-8092-exec-8] INFO   f.f.Slf4jLogbackLogger - current address:  /freecontext/login
29.11.2020 21:52:11.064 [http-nio-8092-exec-11] INFO   f.f.Slf4jLogbackLogger - current address:  /freecontext/login
29.11.2020 22:07:50.583 [http-nio-8092-exec-1] INFO   f.f.Slf4jLogbackLogger - current address:  /freecontext/
29.11.2020 22:07:50.914 [http-nio-8092-exec-3] INFO   f.f.Slf4jLogbackLogger - current address:  /freecontext/
29.11.2020 22:09:04.221 [http-nio-8092-exec-4] INFO   f.f.Slf4jLogbackLogger - current address:  /freecontext/
29.11.2020 22:09:04.841 [http-nio-8092-exec-2] INFO   f.f.Slf4jLogbackLogger - current address:  /freecontext/
29.11.2020 22:09:05.050 [http-nio-8092-exec-9] INFO   f.f.Slf4jLogbackLogger - current address:  /freecontext/
29.11.2020 22:09:05.251 [http-nio-8092-exec-5] INFO   f.f.Slf4jLogbackLogger - current address:  /freecontext/
29.11.2020 22:09:05.462 [http-nio-8092-exec-8] INFO   f.f.Slf4jLogbackLogger - current address:  /freecontext/
29.11.2020 22:09:05.662 [http-nio-8092-exec-1] INFO   f.f.Slf4jLogbackLogger - current address:  /freecontext/
29.11.2020 22:09:05.854 [http-nio-8092-exec-3] INFO   f.f.Slf4jLogbackLogger - current address:  /freecontext/
29.11.2020 22:09:06.000 [http-nio-8092-exec-9] INFO   f.f.Slf4jLogbackLogger - current address:  /freecontext/
29.11.2020 22:09:06.136 [http-nio-8092-exec-12] INFO   f.f.Slf4jLogbackLogger - current address:  /freecontext/
29.11.2020 22:09:06.262 [http-nio-8092-exec-8] INFO   f.f.Slf4jLogbackLogger - current address:  /freecontext/
29.11.2020 22:09:06.364 [http-nio-8092-exec-6] INFO   f.f.Slf4jLogbackLogger - current address:  /freecontext/
29.11.2020 22:09:06.484 [http-nio-8092-exec-11] INFO   f.f.Slf4jLogbackLogger - current address:  /freecontext/
29.11.2020 22:09:06.623 [http-nio-8092-exec-3] INFO   f.f.Slf4jLogbackLogger - current address:  /freecontext/
29.11.2020 22:09:06.711 [http-nio-8092-exec-2] INFO   f.f.Slf4jLogbackLogger - current address:  /freecontext/
29.11.2020 22:09:06.823 [http-nio-8092-exec-10] INFO   f.f.Slf4jLogbackLogger - current address:  /freecontext/
29.11.2020 22:09:06.949 [http-nio-8092-exec-7] INFO   f.f.Slf4jLogbackLogger - current address:  /freecontext/
29.11.2020 22:09:07.075 [http-nio-8092-exec-6] INFO   f.f.Slf4jLogbackLogger - current address:  /freecontext/
29.11.2020 22:09:07.201 [http-nio-8092-exec-1] INFO   f.f.Slf4jLogbackLogger - current address:  /freecontext/
29.11.2020 22:09:07.373 [http-nio-8092-exec-3] INFO   f.f.Slf4jLogbackLogger - current address:  /freecontext/
29.11.2020 22:09:07.557 [http-nio-8092-exec-9] INFO   f.f.Slf4jLogbackLogger - current address:  /freecontext/
29.11.2020 22:09:07.699 [http-nio-8092-exec-10] INFO   f.f.Slf4jLogbackLogger - current address:  /freecontext/
29.11.2020 22:09:07.822 [http-nio-8092-exec-7] INFO   f.f.Slf4jLogbackLogger - current address:  /freecontext/
29.11.2020 22:09:07.939 [http-nio-8092-exec-13] INFO   f.f.Slf4jLogbackLogger - current address:  /freecontext/
29.11.2020 22:12:27.618 [http-nio-8092-exec-11] INFO   f.f.Slf4jLogbackLogger - current address:  /freecontext/
29.11.2020 22:12:28.212 [http-nio-8092-exec-15] INFO   f.f.Slf4jLogbackLogger - current address:  /freecontext/
29.11.2020 22:12:28.411 [http-nio-8092-exec-6] INFO   f.f.Slf4jLogbackLogger - current address:  /freecontext/
29.11.2020 22:12:28.584 [http-nio-8092-exec-17] INFO   f.f.Slf4jLogbackLogger - current address:  /freecontext/
29.11.2020 22:12:28.738 [http-nio-8092-exec-16] INFO   f.f.Slf4jLogbackLogger - current address:  /freecontext/
29.11.2020 22:12:28.905 [http-nio-8092-exec-12] INFO   f.f.Slf4jLogbackLogger - current address:  /freecontext/
29.11.2020 22:12:29.076 [http-nio-8092-exec-18] INFO   f.f.Slf4jLogbackLogger - current address:  /freecontext/
29.11.2020 22:12:29.247 [http-nio-8092-exec-14] INFO   f.f.Slf4jLogbackLogger - current address:  /freecontext/
29.11.2020 22:16:20.294 [http-nio-8092-exec-20] INFO   f.f.Slf4jLogbackLogger - current address:  /freecontext/
29.11.2020 22:16:20.787 [http-nio-8092-exec-19] INFO   f.f.Slf4jLogbackLogger - current address:  /freecontext/
29.11.2020 22:16:20.977 [http-nio-8092-exec-21] INFO   f.f.Slf4jLogbackLogger - current address:  /freecontext/
29.11.2020 22:26:00.010 [http-nio-8092-exec-22] INFO   f.f.Slf4jLogbackLogger - current address:  /freecontext/
29.11.2020 22:26:03.233 [http-nio-8092-exec-28] INFO   f.f.Slf4jLogbackLogger - current address:  /freecontext/
29.11.2020 22:26:03.252 [http-nio-8092-exec-27] INFO   f.f.Slf4jLogbackLogger - current address:  /freecontext/login
29.11.2020 22:26:06.444 [http-nio-8092-exec-24] INFO   f.f.Slf4jLogbackLogger - current address:  /freecontext/
29.11.2020 22:33:32.948 [http-nio-8092-exec-1] INFO   f.f.Slf4jLogbackLogger - current address:  /freecontext/
29.11.2020 22:33:33.340 [http-nio-8092-exec-3] INFO   f.f.Slf4jLogbackLogger - current address:  /freecontext/
29.11.2020 22:33:38.706 [http-nio-8092-exec-6] INFO   f.f.Slf4jLogbackLogger - current address:  /freecontext/
29.11.2020 22:34:26.049 [http-nio-8092-exec-1] INFO   f.f.Slf4jLogbackLogger - current address:  /freecontext/
29.11.2020 22:34:26.500 [http-nio-8092-exec-3] INFO   f.f.Slf4jLogbackLogger - current address:  /freecontext/
29.11.2020 22:34:32.718 [http-nio-8092-exec-5] INFO   f.f.Slf4jLogbackLogger - current address:  /freecontext/login
29.11.2020 22:34:32.738 [http-nio-8092-exec-6] INFO   f.f.Slf4jLogbackLogger - current address:  /freecontext/login
29.11.2020 22:34:34.615 [http-nio-8092-exec-7] INFO   f.f.Slf4jLogbackLogger - current address:  /freecontext/login
29.11.2020 22:34:34.631 [http-nio-8092-exec-8] INFO   f.f.Slf4jLogbackLogger - current address:  /freecontext/profile
29.11.2020 22:34:38.402 [http-nio-8092-exec-9] INFO   f.f.Slf4jLogbackLogger - current address:  /freecontext/login
29.11.2020 22:34:39.172 [http-nio-8092-exec-1] INFO   f.f.Slf4jLogbackLogger - current address:  /freecontext/
29.11.2020 22:34:40.807 [http-nio-8092-exec-2] INFO   f.f.Slf4jLogbackLogger - current address:  /freecontext/
29.11.2020 22:39:01.836 [http-nio-8092-exec-5] INFO   f.f.Slf4jLogbackLogger - current address:  /freecontext/
29.11.2020 22:39:02.069 [http-nio-8092-exec-7] INFO   f.f.Slf4jLogbackLogger - current address:  /freecontext/
29.11.2020 22:39:02.299 [http-nio-8092-exec-9] INFO   f.f.Slf4jLogbackLogger - current address:  /freecontext/
29.11.2020 22:39:02.502 [http-nio-8092-exec-1] INFO   f.f.Slf4jLogbackLogger - current address:  /freecontext/
29.11.2020 22:39:02.695 [http-nio-8092-exec-3] INFO   f.f.Slf4jLogbackLogger - current address:  /freecontext/
29.11.2020 22:39:02.901 [http-nio-8092-exec-5] INFO   f.f.Slf4jLogbackLogger - current address:  /freecontext/
29.11.2020 22:39:03.097 [http-nio-8092-exec-7] INFO   f.f.Slf4jLogbackLogger - current address:  /freecontext/
29.11.2020 22:39:03.298 [http-nio-8092-exec-9] INFO   f.f.Slf4jLogbackLogger - current address:  /freecontext/
29.11.2020 22:39:03.501 [http-nio-8092-exec-1] INFO   f.f.Slf4jLogbackLogger - current address:  /freecontext/
29.11.2020 22:39:03.706 [http-nio-8092-exec-3] INFO   f.f.Slf4jLogbackLogger - current address:  /freecontext/
29.11.2020 22:39:03.899 [http-nio-8092-exec-5] INFO   f.f.Slf4jLogbackLogger - current address:  /freecontext/
29.11.2020 22:39:04.089 [http-nio-8092-exec-7] INFO   f.f.Slf4jLogbackLogger - current address:  /freecontext/
29.11.2020 22:39:04.284 [http-nio-8092-exec-9] INFO   f.f.Slf4jLogbackLogger - current address:  /freecontext/
29.11.2020 22:39:04.480 [http-nio-8092-exec-1] INFO   f.f.Slf4jLogbackLogger - current address:  /freecontext/
29.11.2020 22:39:04.678 [http-nio-8092-exec-3] INFO   f.f.Slf4jLogbackLogger - current address:  /freecontext/
29.11.2020 22:39:04.864 [http-nio-8092-exec-5] INFO   f.f.Slf4jLogbackLogger - current address:  /freecontext/
29.11.2020 22:39:05.056 [http-nio-8092-exec-7] INFO   f.f.Slf4jLogbackLogger - current address:  /freecontext/
29.11.2020 22:39:05.285 [http-nio-8092-exec-9] INFO   f.f.Slf4jLogbackLogger - current address:  /freecontext/
29.11.2020 22:39:14.080 [http-nio-8092-exec-11] INFO   f.f.Slf4jLogbackLogger - current address:  /freecontext/login
29.11.2020 22:39:19.508 [http-nio-8092-exec-12] INFO   f.f.Slf4jLogbackLogger - current address:  /freecontext/
29.11.2020 22:39:20.958 [http-nio-8092-exec-13] INFO   f.f.Slf4jLogbackLogger - current address:  /freecontext/
29.11.2020 22:39:44.117 [http-nio-8092-exec-1] INFO   f.f.Slf4jLogbackLogger - current address:  /freecontext/
29.11.2020 22:39:44.558 [http-nio-8092-exec-3] INFO   f.f.Slf4jLogbackLogger - current address:  /freecontext/
29.11.2020 22:42:48.522 [http-nio-8092-exec-1] INFO   f.f.Slf4jLogbackLogger - current address:  /freecontext/
29.11.2020 22:42:48.981 [http-nio-8092-exec-3] INFO   f.f.Slf4jLogbackLogger - current address:  /freecontext/
29.11.2020 22:43:10.179 [http-nio-8092-exec-4] INFO   f.f.Slf4jLogbackLogger - current address:  /freecontext/
29.11.2020 22:43:10.577 [http-nio-8092-exec-6] INFO   f.f.Slf4jLogbackLogger - current address:  /freecontext/
29.11.2020 22:43:10.752 [http-nio-8092-exec-8] INFO   f.f.Slf4jLogbackLogger - current address:  /freecontext/
29.11.2020 22:43:10.922 [http-nio-8092-exec-10] INFO   f.f.Slf4jLogbackLogger - current address:  /freecontext/
29.11.2020 22:43:11.076 [http-nio-8092-exec-2] INFO   f.f.Slf4jLogbackLogger - current address:  /freecontext/
29.11.2020 22:45:19.739 [http-nio-8092-exec-1] INFO   f.f.Slf4jLogbackLogger - current address:  /freecontext/
29.11.2020 22:45:20.127 [http-nio-8092-exec-3] INFO   f.f.Slf4jLogbackLogger - current address:  /freecontext/
29.11.2020 22:45:22.984 [http-nio-8092-exec-4] INFO   f.f.Slf4jLogbackLogger - current address:  /freecontext/login
29.11.2020 22:45:23.005 [http-nio-8092-exec-5] INFO   f.f.Slf4jLogbackLogger - current address:  /freecontext/login
29.11.2020 22:45:24.115 [http-nio-8092-exec-7] INFO   f.f.Slf4jLogbackLogger - current address:  /freecontext/login
29.11.2020 22:45:24.126 [http-nio-8092-exec-8] INFO   f.f.Slf4jLogbackLogger - current address:  /freecontext/profile
29.11.2020 22:48:46.746 [http-nio-8092-exec-10] INFO   f.f.Slf4jLogbackLogger - current address:  /freecontext/login
29.11.2020 22:48:49.243 [http-nio-8092-exec-1] INFO   f.f.Slf4jLogbackLogger - current address:  /freecontext/login
29.11.2020 22:48:58.548 [http-nio-8092-exec-3] INFO   f.f.Slf4jLogbackLogger - current address:  /freecontext/login
29.11.2020 22:48:58.557 [http-nio-8092-exec-4] INFO   f.f.Slf4jLogbackLogger - current address:  /freecontext/profile
29.11.2020 22:49:00.343 [http-nio-8092-exec-5] INFO   f.f.Slf4jLogbackLogger - current address:  /freecontext/login
29.11.2020 22:49:00.507 [http-nio-8092-exec-6] INFO   f.f.Slf4jLogbackLogger - current address:  /freecontext/
29.11.2020 22:49:02.236 [http-nio-8092-exec-7] INFO   f.f.Slf4jLogbackLogger - current address:  /freecontext/
29.11.2020 22:49:02.373 [http-nio-8092-exec-8] INFO   f.f.Slf4jLogbackLogger - current address:  /freecontext/
29.11.2020 22:59:04.725 [http-nio-8092-exec-1] INFO   f.f.Slf4jLogbackLogger - current address:  /freecontext/
29.11.2020 22:59:05.297 [http-nio-8092-exec-3] INFO   f.f.Slf4jLogbackLogger - current address:  /freecontext/
29.11.2020 22:59:07.723 [http-nio-8092-exec-4] INFO   f.f.Slf4jLogbackLogger - current address:  /freecontext/login
29.11.2020 22:59:07.742 [http-nio-8092-exec-5] INFO   f.f.Slf4jLogbackLogger - current address:  /freecontext/login
29.11.2020 22:59:08.631 [http-nio-8092-exec-6] INFO   f.f.Slf4jLogbackLogger - current address:  /freecontext/login
29.11.2020 22:59:08.641 [http-nio-8092-exec-7] INFO   f.f.Slf4jLogbackLogger - current address:  /freecontext/profile
29.11.2020 23:00:23.780 [http-nio-8092-exec-1] INFO   f.f.Slf4jLogbackLogger - current address:  /freecontext/
29.11.2020 23:00:24.159 [http-nio-8092-exec-3] INFO   f.f.Slf4jLogbackLogger - current address:  /freecontext/
29.11.2020 23:02:19.452 [http-nio-8092-exec-5] INFO   f.f.Slf4jLogbackLogger - current address:  /freecontext/login
29.11.2020 23:02:19.471 [http-nio-8092-exec-6] INFO   f.f.Slf4jLogbackLogger - current address:  /freecontext/login
29.11.2020 23:02:20.586 [http-nio-8092-exec-7] INFO   f.f.Slf4jLogbackLogger - current address:  /freecontext/login
29.11.2020 23:02:20.597 [http-nio-8092-exec-8] INFO   f.f.Slf4jLogbackLogger - current address:  /freecontext/profile
29.11.2020 23:07:39.622 [http-nio-8092-exec-10] INFO   f.f.Slf4jLogbackLogger - current address:  /freecontext/profile
29.11.2020 23:07:39.813 [http-nio-8092-exec-2] INFO   f.f.Slf4jLogbackLogger - current address:  /freecontext/profile
29.11.2020 23:07:40.012 [http-nio-8092-exec-4] INFO   f.f.Slf4jLogbackLogger - current address:  /freecontext/profile
29.11.2020 23:07:40.218 [http-nio-8092-exec-6] INFO   f.f.Slf4jLogbackLogger - current address:  /freecontext/profile
29.11.2020 23:07:40.444 [http-nio-8092-exec-8] INFO   f.f.Slf4jLogbackLogger - current address:  /freecontext/profile
29.11.2020 23:07:40.672 [http-nio-8092-exec-10] INFO   f.f.Slf4jLogbackLogger - current address:  /freecontext/profile
29.11.2020 23:07:46.442 [http-nio-8092-exec-1] INFO   f.f.Slf4jLogbackLogger - current address:  /freecontext/
29.11.2020 23:07:47.996 [http-nio-8092-exec-10] INFO   f.f.Slf4jLogbackLogger - current address:  /freecontext/login
29.11.2020 23:07:48.006 [http-nio-8092-exec-3] INFO   f.f.Slf4jLogbackLogger - current address:  /freecontext/login
29.11.2020 23:08:42.198 [http-nio-8092-exec-1] INFO   f.f.Slf4jLogbackLogger - current address:  /freecontext/
29.11.2020 23:08:42.561 [http-nio-8092-exec-3] INFO   f.f.Slf4jLogbackLogger - current address:  /freecontext/
29.11.2020 23:08:49.063 [http-nio-8092-exec-4] INFO   f.f.Slf4jLogbackLogger - current address:  /freecontext/login
29.11.2020 23:08:49.082 [http-nio-8092-exec-5] INFO   f.f.Slf4jLogbackLogger - current address:  /freecontext/login
29.11.2020 23:08:51.361 [http-nio-8092-exec-6] INFO   f.f.Slf4jLogbackLogger - current address:  /freecontext/login
29.11.2020 23:08:51.371 [http-nio-8092-exec-7] INFO   f.f.Slf4jLogbackLogger - current address:  /freecontext/profile
29.11.2020 23:24:41.980 [http-nio-8092-exec-3] INFO   f.f.Slf4jLogbackLogger - current address:  /freecontext/
29.11.2020 23:24:42.426 [http-nio-8092-exec-5] INFO   f.f.Slf4jLogbackLogger - current address:  /freecontext/
29.11.2020 23:24:46.023 [http-nio-8092-exec-2] INFO   f.f.Slf4jLogbackLogger - current address:  /freecontext/login
29.11.2020 23:24:46.045 [http-nio-8092-exec-3] INFO   f.f.Slf4jLogbackLogger - current address:  /freecontext/login
29.11.2020 23:24:47.233 [http-nio-8092-exec-4] INFO   f.f.Slf4jLogbackLogger - current address:  /freecontext/login
29.11.2020 23:24:47.246 [http-nio-8092-exec-5] INFO   f.f.Slf4jLogbackLogger - current address:  /freecontext/profile
29.11.2020 23:26:30.527 [http-nio-8092-exec-1] INFO   f.f.Slf4jLogbackLogger - current address:  /freecontext/
29.11.2020 23:26:30.884 [http-nio-8092-exec-3] INFO   f.f.Slf4jLogbackLogger - current address:  /freecontext/
29.11.2020 23:26:47.773 [http-nio-8092-exec-5] INFO   f.f.Slf4jLogbackLogger - current address:  /freecontext/login
29.11.2020 23:26:47.792 [http-nio-8092-exec-6] INFO   f.f.Slf4jLogbackLogger - current address:  /freecontext/login
29.11.2020 23:26:49.384 [http-nio-8092-exec-7] INFO   f.f.Slf4jLogbackLogger - current address:  /freecontext/login
29.11.2020 23:26:49.394 [http-nio-8092-exec-8] INFO   f.f.Slf4jLogbackLogger - current address:  /freecontext/profile
29.11.2020 23:28:51.213 [http-nio-8092-exec-1] INFO   f.f.Slf4jLogbackLogger - current address:  /freecontext/
29.11.2020 23:28:51.642 [http-nio-8092-exec-3] INFO   f.f.Slf4jLogbackLogger - current address:  /freecontext/
29.11.2020 23:28:53.071 [http-nio-8092-exec-4] INFO   f.f.Slf4jLogbackLogger - current address:  /freecontext/login
29.11.2020 23:28:53.091 [http-nio-8092-exec-5] INFO   f.f.Slf4jLogbackLogger - current address:  /freecontext/login
29.11.2020 23:28:53.728 [http-nio-8092-exec-6] INFO   f.f.Slf4jLogbackLogger - current address:  /freecontext/login
29.11.2020 23:28:53.742 [http-nio-8092-exec-7] INFO   f.f.Slf4jLogbackLogger - current address:  /freecontext/profile
29.11.2020 23:29:58.763 [http-nio-8092-exec-1] INFO   f.f.Slf4jLogbackLogger - current address:  /freecontext/
29.11.2020 23:29:59.171 [http-nio-8092-exec-3] INFO   f.f.Slf4jLogbackLogger - current address:  /freecontext/
29.11.2020 23:30:01.128 [http-nio-8092-exec-4] INFO   f.f.Slf4jLogbackLogger - current address:  /freecontext/login
29.11.2020 23:30:01.147 [http-nio-8092-exec-5] INFO   f.f.Slf4jLogbackLogger - current address:  /freecontext/login
29.11.2020 23:30:02.038 [http-nio-8092-exec-6] INFO   f.f.Slf4jLogbackLogger - current address:  /freecontext/login
29.11.2020 23:30:02.048 [http-nio-8092-exec-7] INFO   f.f.Slf4jLogbackLogger - current address:  /freecontext/profile
29.11.2020 23:31:46.950 [http-nio-8092-exec-10] INFO   f.f.Slf4jLogbackLogger - current address:  /freecontext/
29.11.2020 23:31:48.063 [http-nio-8092-exec-1] INFO   f.f.Slf4jLogbackLogger - current address:  /freecontext/login
29.11.2020 23:31:48.072 [http-nio-8092-exec-2] INFO   f.f.Slf4jLogbackLogger - current address:  /freecontext/profile
29.11.2020 23:33:37.094 [http-nio-8092-exec-1] INFO   f.f.Slf4jLogbackLogger - current address:  /freecontext/
29.11.2020 23:33:37.539 [http-nio-8092-exec-3] INFO   f.f.Slf4jLogbackLogger - current address:  /freecontext/
29.11.2020 23:36:56.242 [http-nio-8092-exec-6] INFO   f.f.Slf4jLogbackLogger - current address:  /freecontext/login
29.11.2020 23:36:56.264 [http-nio-8092-exec-7] INFO   f.f.Slf4jLogbackLogger - current address:  /freecontext/login
29.11.2020 23:36:56.943 [http-nio-8092-exec-8] INFO   f.f.Slf4jLogbackLogger - current address:  /freecontext/login
29.11.2020 23:36:56.954 [http-nio-8092-exec-9] INFO   f.f.Slf4jLogbackLogger - current address:  /freecontext/profile
29.11.2020 23:39:49.868 [http-nio-8094-exec-1] INFO   f.f.Slf4jLogbackLogger - current address:  /freecontext/
29.11.2020 23:39:50.315 [http-nio-8094-exec-3] INFO   f.f.Slf4jLogbackLogger - current address:  /freecontext/
29.11.2020 23:39:52.083 [http-nio-8094-exec-5] INFO   f.f.Slf4jLogbackLogger - current address:  /freecontext/login
29.11.2020 23:39:52.102 [http-nio-8094-exec-6] INFO   f.f.Slf4jLogbackLogger - current address:  /freecontext/login
29.11.2020 23:39:52.829 [http-nio-8094-exec-7] INFO   f.f.Slf4jLogbackLogger - current address:  /freecontext/login
29.11.2020 23:39:52.840 [http-nio-8094-exec-8] INFO   f.f.Slf4jLogbackLogger - current address:  /freecontext/profile
29.11.2020 23:45:07.511 [http-nio-8094-exec-1] INFO   f.f.Slf4jLogbackLogger - current address:  /freecontext/
29.11.2020 23:45:08.007 [http-nio-8094-exec-3] INFO   f.f.Slf4jLogbackLogger - current address:  /freecontext/
29.11.2020 23:45:12.297 [http-nio-8094-exec-4] INFO   f.f.Slf4jLogbackLogger - current address:  /freecontext/login
29.11.2020 23:45:12.315 [http-nio-8094-exec-5] INFO   f.f.Slf4jLogbackLogger - current address:  /freecontext/login
29.11.2020 23:45:12.904 [http-nio-8094-exec-6] INFO   f.f.Slf4jLogbackLogger - current address:  /freecontext/login
29.11.2020 23:45:12.915 [http-nio-8094-exec-7] INFO   f.f.Slf4jLogbackLogger - current address:  /freecontext/profile
