29.11.2020 00:00:13.643 [http-nio-8099-exec-1] INFO   l.f.Slf4jLogbackLogger - current address:  /context/
29.11.2020 00:00:15.708 [http-nio-8099-exec-2] INFO   l.f.Slf4jLogbackLogger - current address:  /context/
29.11.2020 00:00:16.727 [http-nio-8099-exec-4] INFO   l.f.Slf4jLogbackLogger - current address:  /context/login
29.11.2020 00:00:16.806 [http-nio-8099-exec-5] INFO   l.f.Slf4jLogbackLogger - current address:  /context/profile
29.11.2020 00:00:19.638 [http-nio-8099-exec-3] INFO   l.f.Slf4jLogbackLogger - current address:  /context/login
29.11.2020 00:00:19.647 [http-nio-8099-exec-7] INFO   l.f.Slf4jLogbackLogger - current address:  /context/profile
29.11.2020 00:00:20.683 [http-nio-8099-exec-9] INFO   l.f.Slf4jLogbackLogger - current address:  /context/login
29.11.2020 00:00:20.696 [http-nio-8099-exec-10] INFO   l.f.Slf4jLogbackLogger - current address:  /context/profile
29.11.2020 00:00:22.563 [http-nio-8099-exec-1] INFO   l.f.Slf4jLogbackLogger - current address:  /context/login
29.11.2020 00:00:22.580 [http-nio-8099-exec-6] INFO   l.f.Slf4jLogbackLogger - current address:  /context/profile
29.11.2020 00:00:42.281 [http-nio-8099-exec-2] INFO   l.f.Slf4jLogbackLogger - current address:  /context/login
29.11.2020 00:00:42.290 [http-nio-8099-exec-4] INFO   l.f.Slf4jLogbackLogger - current address:  /context/profile
29.11.2020 00:00:46.689 [http-nio-8099-exec-5] INFO   l.f.Slf4jLogbackLogger - current address:  /context/profile
29.11.2020 00:00:50.693 [http-nio-8099-exec-3] INFO   l.f.Slf4jLogbackLogger - current address:  /context/profile
29.11.2020 00:00:51.187 [http-nio-8099-exec-7] INFO   l.f.Slf4jLogbackLogger - current address:  /context/profile
29.11.2020 00:00:51.390 [http-nio-8099-exec-8] INFO   l.f.Slf4jLogbackLogger - current address:  /context/profile
29.11.2020 00:00:51.502 [http-nio-8099-exec-9] INFO   l.f.Slf4jLogbackLogger - current address:  /context/profile
29.11.2020 00:00:51.655 [http-nio-8099-exec-10] INFO   l.f.Slf4jLogbackLogger - current address:  /context/profile
29.11.2020 00:00:51.819 [http-nio-8099-exec-1] INFO   l.f.Slf4jLogbackLogger - current address:  /context/profile
29.11.2020 00:00:54.058 [http-nio-8099-exec-2] INFO   l.f.Slf4jLogbackLogger - current address:  /context/
29.11.2020 00:00:55.990 [http-nio-8099-exec-4] INFO   l.f.Slf4jLogbackLogger - current address:  /context/
29.11.2020 00:00:56.127 [http-nio-8099-exec-5] INFO   l.f.Slf4jLogbackLogger - current address:  /context/
29.11.2020 00:00:56.280 [http-nio-8099-exec-3] INFO   l.f.Slf4jLogbackLogger - current address:  /context/
29.11.2020 00:00:56.400 [http-nio-8099-exec-7] INFO   l.f.Slf4jLogbackLogger - current address:  /context/
29.11.2020 00:00:56.525 [http-nio-8099-exec-8] INFO   l.f.Slf4jLogbackLogger - current address:  /context/
29.11.2020 00:00:56.677 [http-nio-8099-exec-9] INFO   l.f.Slf4jLogbackLogger - current address:  /context/
29.11.2020 11:40:46.753 [http-nio-8095-exec-1] INFO   l.f.Slf4jLogbackLogger - current address:  /hometask__6__PasswordEncoder_feat__HTTPSession__war/
29.11.2020 11:40:49.038 [http-nio-8095-exec-3] INFO   l.f.Slf4jLogbackLogger - current address:  /hometask__6__PasswordEncoder_feat__HTTPSession__war/
29.11.2020 11:43:10.908 [http-nio-8095-exec-6] INFO   l.f.Slf4jLogbackLogger - current address:  /hometask__6__PasswordEncoder_feat__HTTPSession__war/login
29.11.2020 11:43:10.971 [http-nio-8095-exec-7] INFO   l.f.Slf4jLogbackLogger - current address:  /hometask__6__PasswordEncoder_feat__HTTPSession__war/profile
29.11.2020 11:43:47.052 [http-nio-8095-exec-1] INFO   l.f.Slf4jLogbackLogger - current address:  /hometask__6__PasswordEncoder_feat__HTTPSession__war/
29.11.2020 11:43:48.868 [http-nio-8095-exec-3] INFO   l.f.Slf4jLogbackLogger - current address:  /hometask__6__PasswordEncoder_feat__HTTPSession__war/
29.11.2020 11:43:52.797 [http-nio-8095-exec-4] INFO   l.f.Slf4jLogbackLogger - current address:  /hometask__6__PasswordEncoder_feat__HTTPSession__war/login
29.11.2020 11:43:52.855 [http-nio-8095-exec-5] INFO   l.f.Slf4jLogbackLogger - current address:  /hometask__6__PasswordEncoder_feat__HTTPSession__war/profile
29.11.2020 11:44:05.071 [http-nio-8095-exec-7] INFO   l.f.Slf4jLogbackLogger - current address:  /hometask__6__PasswordEncoder_feat__HTTPSession__war/
29.11.2020 11:44:05.214 [http-nio-8095-exec-8] INFO   l.f.Slf4jLogbackLogger - current address:  /hometask__6__PasswordEncoder_feat__HTTPSession__war/
29.11.2020 11:44:05.354 [http-nio-8095-exec-9] INFO   l.f.Slf4jLogbackLogger - current address:  /hometask__6__PasswordEncoder_feat__HTTPSession__war/
29.11.2020 11:44:05.518 [http-nio-8095-exec-10] INFO   l.f.Slf4jLogbackLogger - current address:  /hometask__6__PasswordEncoder_feat__HTTPSession__war/
29.11.2020 11:44:09.733 [http-nio-8095-exec-1] INFO   l.f.Slf4jLogbackLogger - current address:  /hometask__6__PasswordEncoder_feat__HTTPSession__war/
29.11.2020 11:44:09.896 [http-nio-8095-exec-2] INFO   l.f.Slf4jLogbackLogger - current address:  /hometask__6__PasswordEncoder_feat__HTTPSession__war/
29.11.2020 11:44:25.428 [http-nio-8095-exec-4] INFO   l.f.Slf4jLogbackLogger - current address:  /hometask__6__PasswordEncoder_feat__HTTPSession__war/login
29.11.2020 11:44:25.439 [http-nio-8095-exec-5] INFO   l.f.Slf4jLogbackLogger - current address:  /hometask__6__PasswordEncoder_feat__HTTPSession__war/profile
29.11.2020 15:02:01.929 [http-nio-8099-exec-1] INFO   l.f.Slf4jLogbackLogger - current address:  /context/
29.11.2020 15:02:03.403 [http-nio-8099-exec-3] INFO   l.f.Slf4jLogbackLogger - current address:  /context/
29.11.2020 15:02:05.688 [http-nio-8099-exec-5] INFO   l.f.Slf4jLogbackLogger - current address:  /context/login
29.11.2020 15:02:05.787 [http-nio-8099-exec-6] INFO   l.f.Slf4jLogbackLogger - current address:  /context/profile
29.11.2020 15:05:06.034 [http-nio-8099-exec-1] INFO   l.f.Slf4jLogbackLogger - current address:  /context/
29.11.2020 15:05:07.743 [http-nio-8099-exec-3] INFO   l.f.Slf4jLogbackLogger - current address:  /context/
29.11.2020 15:05:09.571 [http-nio-8099-exec-4] INFO   l.f.Slf4jLogbackLogger - current address:  /context/login
29.11.2020 15:05:09.617 [http-nio-8099-exec-5] INFO   l.f.Slf4jLogbackLogger - current address:  /context/profile
29.11.2020 15:06:05.724 [http-nio-8099-exec-1] INFO   l.f.Slf4jLogbackLogger - current address:  /context/
29.11.2020 15:06:07.630 [http-nio-8099-exec-3] INFO   l.f.Slf4jLogbackLogger - current address:  /context/
29.11.2020 15:06:10.488 [http-nio-8099-exec-5] INFO   l.f.Slf4jLogbackLogger - current address:  /context/login
29.11.2020 15:06:10.528 [http-nio-8099-exec-6] INFO   l.f.Slf4jLogbackLogger - current address:  /context/profile
29.11.2020 15:06:14.073 [http-nio-8099-exec-7] INFO   l.f.Slf4jLogbackLogger - current address:  /context/login
29.11.2020 15:06:14.084 [http-nio-8099-exec-8] INFO   l.f.Slf4jLogbackLogger - current address:  /context/profile
29.11.2020 15:06:17.523 [http-nio-8099-exec-9] INFO   l.f.Slf4jLogbackLogger - current address:  /context/login
29.11.2020 15:06:17.534 [http-nio-8099-exec-10] INFO   l.f.Slf4jLogbackLogger - current address:  /context/profile
29.11.2020 15:07:22.065 [http-nio-8099-exec-2] INFO   l.f.Slf4jLogbackLogger - current address:  /context/profile
